Flow report for NOC
Fri May 04 12:21:52 2012
Quartus II 32-bit Version 11.1 Build 259 01/25/2012 Service Pack 2 SJ Web Edition


---------------------
; Table of Contents ;
---------------------
  1. Legal Notice
  2. Flow Summary
  3. Flow Settings
  4. Flow Non-Default Global Settings
  5. Flow Elapsed Time
  6. Flow OS Summary
  7. Flow Log



----------------
; Legal Notice ;
----------------
Copyright (C) 1991-2011 Altera Corporation
Your use of Altera Corporation's design tools, logic functions 
and other software and tools, and its AMPP partner logic 
functions, and any output files from any of the foregoing 
(including device programming or simulation files), and any 
associated documentation or information are expressly subject 
to the terms and conditions of the Altera Program License 
Subscription Agreement, Altera MegaCore Function License 
Agreement, or other applicable license agreement, including, 
without limitation, that your use is for the sole purpose of 
programming logic devices manufactured by Altera and sold by 
Altera or its authorized distributors.  Please refer to the 
applicable agreement for further details.



+------------------------------------------------------------------------------------+
; Flow Summary                                                                       ;
+------------------------------------+-----------------------------------------------+
; Flow Status                        ; Successful - Fri May 04 12:21:26 2012         ;
; Quartus II 32-bit Version          ; 11.1 Build 259 01/25/2012 SP 2 SJ Web Edition ;
; Revision Name                      ; NOC                                           ;
; Top-level Entity Name              ; noc                                           ;
; Family                             ; Cyclone II                                    ;
; Device                             ; EP2C70F896C6                                  ;
; Timing Models                      ; Final                                         ;
; Total logic elements               ; 13,825 / 68,416 ( 20 % )                      ;
;     Total combinational functions  ; 12,531 / 68,416 ( 18 % )                      ;
;     Dedicated logic registers      ; 7,796 / 68,416 ( 11 % )                       ;
; Total registers                    ; 7796                                          ;
; Total pins                         ; 36 / 622 ( 6 % )                              ;
; Total virtual pins                 ; 0                                             ;
; Total memory bits                  ; 0 / 1,152,000 ( 0 % )                         ;
; Embedded Multiplier 9-bit elements ; 0 / 300 ( 0 % )                               ;
; Total PLLs                         ; 0 / 4 ( 0 % )                                 ;
+------------------------------------+-----------------------------------------------+


+-----------------------------------------+
; Flow Settings                           ;
+-------------------+---------------------+
; Option            ; Setting             ;
+-------------------+---------------------+
; Start date & time ; 05/04/2012 12:11:43 ;
; Main task         ; Compilation         ;
; Revision Name     ; NOC                 ;
+-------------------+---------------------+


+----------------------------------------------------------------------------------------------------------------------------------------------------------------+
; Flow Non-Default Global Settings                                                                                                                               ;
+-------------------------------------+---------------------------------------------------------------------------+---------------+-------------+----------------+
; Assignment Name                     ; Value                                                                     ; Default Value ; Entity Name ; Section Id     ;
+-------------------------------------+---------------------------------------------------------------------------+---------------+-------------+----------------+
; COMPILER_SIGNATURE_ID               ; 130551614824.133612629305492                                              ; --            ; --          ; --             ;
; MAX_CORE_JUNCTION_TEMP              ; 85                                                                        ; --            ; --          ; --             ;
; MIN_CORE_JUNCTION_TEMP              ; 0                                                                         ; --            ; --          ; --             ;
; MISC_FILE                           ; C:/Users/Graeme/Desktop/UNI FILES/02211 Computer Architecture/NOC/NOC.dpf ; --            ; --          ; --             ;
; PARTITION_COLOR                     ; 16764057                                                                  ; --            ; noc         ; Top            ;
; PARTITION_FITTER_PRESERVATION_LEVEL ; PLACEMENT_AND_ROUTING                                                     ; --            ; noc         ; Top            ;
; PARTITION_NETLIST_TYPE              ; SOURCE                                                                    ; --            ; noc         ; Top            ;
; USE_GENERATED_PHYSICAL_CONSTRAINTS  ; Off                                                                       ; --            ; --          ; eda_blast_fpga ;
+-------------------------------------+---------------------------------------------------------------------------+---------------+-------------+----------------+


+-------------------------------------------------------------------------------------------------------------------------------+
; Flow Elapsed Time                                                                                                             ;
+---------------------------+--------------+-------------------------+---------------------+------------------------------------+
; Module Name               ; Elapsed Time ; Average Processors Used ; Peak Virtual Memory ; Total CPU Time (on all processors) ;
+---------------------------+--------------+-------------------------+---------------------+------------------------------------+
; Analysis & Synthesis      ; 00:06:37     ; 1.0                     ; 454 MB              ; 00:06:16                           ;
; Fitter                    ; 00:02:27     ; 1.0                     ; 573 MB              ; 00:02:16                           ;
; Assembler                 ; 00:00:20     ; 1.0                     ; 424 MB              ; 00:00:15                           ;
; TimeQuest Timing Analyzer ; 00:00:51     ; 1.0                     ; 416 MB              ; 00:00:39                           ;
; Total                     ; 00:10:15     ; --                      ; --                  ; 00:09:26                           ;
+---------------------------+--------------+-------------------------+---------------------+------------------------------------+


+--------------------------------------------------------------------------------------------+
; Flow OS Summary                                                                            ;
+---------------------------+------------------+---------------+------------+----------------+
; Module Name               ; Machine Hostname ; OS Name       ; OS Version ; Processor type ;
+---------------------------+------------------+---------------+------------+----------------+
; Analysis & Synthesis      ; Graeme-Laptop    ; Windows Vista ; 6.0        ; i686           ;
; Fitter                    ; Graeme-Laptop    ; Windows Vista ; 6.0        ; i686           ;
; Assembler                 ; Graeme-Laptop    ; Windows Vista ; 6.0        ; i686           ;
; TimeQuest Timing Analyzer ; Graeme-Laptop    ; Windows Vista ; 6.0        ; i686           ;
+---------------------------+------------------+---------------+------------+----------------+


------------
; Flow Log ;
------------
quartus_map --read_settings_files=on --write_settings_files=off NOC -c NOC
quartus_fit --read_settings_files=off --write_settings_files=off NOC -c NOC
quartus_asm --read_settings_files=off --write_settings_files=off NOC -c NOC
quartus_sta NOC -c NOC



